<?xml version="1.0" encoding="UTF-8"?>
<quiz>
<question type="stack">
        <name>
            <text>test 3 3</text>
        </name>
        <questiontext format="html">
            <text><![CDATA[
<p>
    Bevis \((x^n)' = nx^{n-1}\) ved induksjon.
</p>
<p>
    Trinn 1: Stemmer p&#229;standen for \(n=1\)?
</p>
<p>
    trinn 2: Anta \(n=k+1\) og vis at \((x^{k+1})' = (k+1)x^k\). Begynn med \((x^{k+1})'\) og skriv diff(x^n,x) for &#229; skrive \((x^n)'\)
</p>
<p>
    [[input:ans1]] [[validation:ans1]]
</p>
]]></text>
        </questiontext>
        <generalfeedback format="html">
            <text/>
        </generalfeedback>
        <defaultgrade>1.0000000</defaultgrade>
        <penalty>0.1000000</penalty>
        <hidden>0</hidden>
        <idnumber/>
        <stackversion>
            <text>2022060100</text>
        </stackversion>
        <questionvariables>
            <text>ta1: [diff(x^(k+1), x), diff(x*x^k, x), diff(x^k,x)*x+x^k, x^k+x*k*x^(k-1), (k+1)*x^k ]
ta2: [diff(x^(k+1), x), diff(x^k,x)*x+x^k, x^k+x*k*x^(k-1), (k+1)*x^k ]
ta3: [diff(x^(k+1), x), diff(x^k,x)*x+x^k, (k+1)*x^k ]</text>
        </questionvariables>
        <specificfeedback format="html">
            <text>[[feedback:prt1]]</text>
        </specificfeedback>
        <questionnote>
            <text/>
        </questionnote>
        <questionsimplify>1</questionsimplify>
        <assumepositive>0</assumepositive>
        <assumereal>0</assumereal>
        <prtcorrect format="html">
            <text><![CDATA[
<span style="font-size: 1.5em; color:green;">
    <i class="fa fa-check">
    </i>
</span>
Correct answer, well done.
]]></text>
        </prtcorrect>
        <prtpartiallycorrect format="html">
            <text><![CDATA[
<span style="font-size: 1.5em; color:orange;">
    <i class="fa fa-adjust">
    </i>
</span>
Your answer is partially correct.
]]></text>
        </prtpartiallycorrect>
        <prtincorrect format="html">
            <text><![CDATA[
<span style="font-size: 1.5em; color:red;">
    <i class="fa fa-times">
    </i>
</span>
Incorrect answer.
]]></text>
        </prtincorrect>
        <multiplicationsign>dot</multiplicationsign>
        <sqrtsign>1</sqrtsign>
        <complexno>i</complexno>
        <inversetrig>cos-1</inversetrig>
        <logicsymbol>lang</logicsymbol>
        <matrixparens>[</matrixparens>
        <variantsselectionseed/>
        <input>
            <name>ans1</name>
            <type>equiv</type>
            <tans>ta1</tans>
            <boxsize>15</boxsize>
            <strictsyntax>1</strictsyntax>
            <insertstars>0</insertstars>
            <syntaxhint/>
            <syntaxattribute>0</syntaxattribute>
            <forbidwords/>
            <allowwords/>
            <forbidfloat>1</forbidfloat>
            <requirelowestterms>0</requirelowestterms>
            <checkanswertype>0</checkanswertype>
            <mustverify>1</mustverify>
            <showvalidation>1</showvalidation>
            <options/>
        </input>
        <prt>
            <name>prt1</name>
            <value>1.0000000</value>
            <autosimplify>1</autosimplify>
            <feedbackstyle>1</feedbackstyle>
            <feedbackvariables>
                <text/>
            </feedbackvariables>
            <node>
                <name>0</name>
                <answertest>AlgEquiv</answertest>
                <sans>ans1</sans>
                <tans>ta1</tans>
                <testoptions/>
                <quiet>0</quiet>
                <truescoremode>=</truescoremode>
                <truescore>1.0000000</truescore>
                <truepenalty/>
                <truenextnode>-1</truenextnode>
                <trueanswernote>prt1-1-T</trueanswernote>
                <truefeedback format="html">
                    <text/>
                </truefeedback>
                <falsescoremode>=</falsescoremode>
                <falsescore>0.0000000</falsescore>
                <falsepenalty/>
                <falsenextnode>1</falsenextnode>
                <falseanswernote>prt1-1-F</falseanswernote>
                <falsefeedback format="html">
                    <text/>
                </falsefeedback>
            </node>
            <node>
                <name>1</name>
                <answertest>AlgEquiv</answertest>
                <sans>ans1</sans>
                <tans>ta2</tans>
                <testoptions/>
                <quiet>0</quiet>
                <truescoremode>+</truescoremode>
                <truescore>1.0000000</truescore>
                <truepenalty/>
                <truenextnode>-1</truenextnode>
                <trueanswernote>prt1-2-T</trueanswernote>
                <truefeedback format="html">
                    <text/>
                </truefeedback>
                <falsescoremode>-</falsescoremode>
                <falsescore>0.0000000</falsescore>
                <falsepenalty/>
                <falsenextnode>2</falsenextnode>
                <falseanswernote>prt1-2-F</falseanswernote>
                <falsefeedback format="html">
                    <text/>
                </falsefeedback>
            </node>
            <node>
                <name>2</name>
                <answertest>AlgEquiv</answertest>
                <sans>ans1</sans>
                <tans>ta3</tans>
                <testoptions/>
                <quiet>0</quiet>
                <truescoremode>+</truescoremode>
                <truescore>1.0000000</truescore>
                <truepenalty/>
                <truenextnode>-1</truenextnode>
                <trueanswernote>prt1-3-T</trueanswernote>
                <truefeedback format="html">
                    <text/>
                </truefeedback>
                <falsescoremode>-</falsescoremode>
                <falsescore>0.0000000</falsescore>
                <falsepenalty/>
                <falsenextnode>-1</falsenextnode>
                <falseanswernote>prt1-3-F</falseanswernote>
                <falsefeedback format="html">
                    <text/>
                </falsefeedback>
            </node>
        </prt>
    </question>
    

</quiz>