<?xml version="1.0" encoding="UTF-8"?>
<quiz>
<question type="stack">
        <name>
            <text>test 1 7</text>
        </name>
        <questiontext format="html">
            <text><![CDATA[
<p>
    Bestem koordinatet til toppunktet for funksjonen \(f(x) = -{@a@}x^2+{@b@}x-{@c@}\).
</p>
<p>
    ([[input:ans1]], [[input:ans2]])
</p>
<p>
    [[validation:ans1]] [[feedback:prt1]]
</p>
<p>
    [[validation:ans2]] [[feedback:prt2]]
</p>
]]></text>
        </questiontext>
        <generalfeedback format="html">
            <text/>
        </generalfeedback>
        <defaultgrade>1.0000000</defaultgrade>
        <penalty>0.1000000</penalty>
        <hidden>0</hidden>
        <idnumber/>
        <stackversion>
            <text>2022060100</text>
        </stackversion>
        <questionvariables>
            <text>a: 2+rand(5)
b: 2+rand(5)
c: 2+rand(5)

x: b/(2*a)
y: -a*x^2+b*x-c
ta1: x
</text>
        </questionvariables>
        <specificfeedback format="html">
            <text/>
        </specificfeedback>
        <questionnote>
            <text>{@a@} {@b@} {@c@}</text>
        </questionnote>
        <questionsimplify>1</questionsimplify>
        <assumepositive>0</assumepositive>
        <assumereal>0</assumereal>
        <prtcorrect format="html">
            <text><![CDATA[
<span style="font-size: 1.5em; color:green;">
    <i class="fa fa-check">
    </i>
</span>
Correct answer, well done.
]]></text>
        </prtcorrect>
        <prtpartiallycorrect format="html">
            <text><![CDATA[
<span style="font-size: 1.5em; color:orange;">
    <i class="fa fa-adjust">
    </i>
</span>
Your answer is partially correct.
]]></text>
        </prtpartiallycorrect>
        <prtincorrect format="html">
            <text><![CDATA[
<span style="font-size: 1.5em; color:red;">
    <i class="fa fa-times">
    </i>
</span>
Incorrect answer.
]]></text>
        </prtincorrect>
        <multiplicationsign>dot</multiplicationsign>
        <sqrtsign>1</sqrtsign>
        <complexno>i</complexno>
        <inversetrig>cos-1</inversetrig>
        <logicsymbol>lang</logicsymbol>
        <matrixparens>[</matrixparens>
        <variantsselectionseed/>
        <input>
            <name>ans1</name>
            <type>algebraic</type>
            <tans>ta1</tans>
            <boxsize>15</boxsize>
            <strictsyntax>1</strictsyntax>
            <insertstars>0</insertstars>
            <syntaxhint/>
            <syntaxattribute>0</syntaxattribute>
            <forbidwords/>
            <allowwords/>
            <forbidfloat>1</forbidfloat>
            <requirelowestterms>0</requirelowestterms>
            <checkanswertype>0</checkanswertype>
            <mustverify>1</mustverify>
            <showvalidation>1</showvalidation>
            <options/>
        </input>
        <input>
            <name>ans2</name>
            <type>algebraic</type>
            <tans>y</tans>
            <boxsize>15</boxsize>
            <strictsyntax>1</strictsyntax>
            <insertstars>0</insertstars>
            <syntaxhint/>
            <syntaxattribute>0</syntaxattribute>
            <forbidwords/>
            <allowwords/>
            <forbidfloat>1</forbidfloat>
            <requirelowestterms>0</requirelowestterms>
            <checkanswertype>0</checkanswertype>
            <mustverify>1</mustverify>
            <showvalidation>1</showvalidation>
            <options/>
        </input>
        <prt>
            <name>prt1</name>
            <value>1.0000000</value>
            <autosimplify>1</autosimplify>
            <feedbackstyle>1</feedbackstyle>
            <feedbackvariables>
                <text/>
            </feedbackvariables>
            <node>
                <name>0</name>
                <answertest>AlgEquiv</answertest>
                <sans>ans1</sans>
                <tans>ta1</tans>
                <testoptions/>
                <quiet>0</quiet>
                <truescoremode>=</truescoremode>
                <truescore>1.0000000</truescore>
                <truepenalty/>
                <truenextnode>-1</truenextnode>
                <trueanswernote>prt1-1-T</trueanswernote>
                <truefeedback format="html">
                    <text/>
                </truefeedback>
                <falsescoremode>=</falsescoremode>
                <falsescore>0.0000000</falsescore>
                <falsepenalty/>
                <falsenextnode>-1</falsenextnode>
                <falseanswernote>prt1-1-F</falseanswernote>
                <falsefeedback format="html">
                    <text/>
                </falsefeedback>
            </node>
        </prt>
        <prt>
            <name>prt2</name>
            <value>1.0000000</value>
            <autosimplify>1</autosimplify>
            <feedbackstyle>1</feedbackstyle>
            <feedbackvariables>
                <text/>
            </feedbackvariables>
            <node>
                <name>0</name>
                <answertest>AlgEquiv</answertest>
                <sans>ans2</sans>
                <tans>y</tans>
                <testoptions/>
                <quiet>0</quiet>
                <truescoremode>=</truescoremode>
                <truescore>1.0000000</truescore>
                <truepenalty/>
                <truenextnode>-1</truenextnode>
                <trueanswernote>prt2-1-T</trueanswernote>
                <truefeedback format="html">
                    <text/>
                </truefeedback>
                <falsescoremode>=</falsescoremode>
                <falsescore>0.0000000</falsescore>
                <falsepenalty/>
                <falsenextnode>-1</falsenextnode>
                <falseanswernote>prt2-1-F</falseanswernote>
                <falsefeedback format="html">
                    <text/>
                </falsefeedback>
            </node>
        </prt>
        <deployedseed>1939246812</deployedseed>
        <deployedseed>1955494051</deployedseed>
        <deployedseed>1508530395</deployedseed>
        <deployedseed>802003013</deployedseed>
    </question>
    

</quiz>