<?xml version="1.0" encoding="UTF-8"?>
<quiz>
<question type="stack">
        <name>
            <text>Test equivalent reasoning</text>
        </name>
        <questiontext format="html">
            <text><![CDATA[
<p>
</p>
<p>
    <strong>
        Oppgave 1d)
    </strong>
</p>
<p>
</p>
<pre><code>Expand {@p@}, remembering to show your working.
[[input:ans1]] [[validation:ans1]]</code></pre>
<p>
</p>
]]></text>
        </questiontext>
        <generalfeedback format="html">
            <text/>
        </generalfeedback>
        <defaultgrade>1.0000000</defaultgrade>
        <penalty>0.1000000</penalty>
        <hidden>0</hidden>
        <idnumber/>
        <stackversion>
            <text>2020101501</text>
        </stackversion>
        <questionvariables>
            <text>p:(x+2)^3;
taf:ev(expand(p),simp);
ta:[(x+2)^3,stackeq((x+2)*(x+2)^2),stackeq((x+2)*(x^2+4*x+4)),stackeq(x^3+4*x^2+4*x+2*x^2+8*x+8),stackeq(taf)];</text>
        </questionvariables>
        <specificfeedback format="html">
            <text>[[feedback:prt1]]</text>
        </specificfeedback>
        <questionnote>
            <text/>
        </questionnote>
        <questionsimplify>0</questionsimplify>
        <assumepositive>0</assumepositive>
        <assumereal>0</assumereal>
        <prtcorrect format="html">
            <text><![CDATA[
<span style="font-size: 1.5em; color:green;">
    <i class="fa fa-check">
    </i>
</span>
Correct answer, well done.
]]></text>
        </prtcorrect>
        <prtpartiallycorrect format="html">
            <text><![CDATA[
<span style="font-size: 1.5em; color:orange;">
    <i class="fa fa-adjust">
    </i>
</span>
Your answer is partially correct.
]]></text>
        </prtpartiallycorrect>
        <prtincorrect format="html">
            <text><![CDATA[
<span style="font-size: 1.5em; color:red;">
    <i class="fa fa-times">
    </i>
</span>
Incorrect answer.
]]></text>
        </prtincorrect>
        <multiplicationsign>dot</multiplicationsign>
        <sqrtsign>1</sqrtsign>
        <complexno>i</complexno>
        <inversetrig>cos-1</inversetrig>
        <logicsymbol>lang</logicsymbol>
        <matrixparens>[</matrixparens>
        <variantsselectionseed/>
        <input>
            <name>ans1</name>
            <type>equiv</type>
            <tans>taf</tans>
            <boxsize>15</boxsize>
            <strictsyntax>1</strictsyntax>
            <insertstars>0</insertstars>
            <syntaxhint>[(x+2)^3,stackeq(?)]</syntaxhint>
            <syntaxattribute>0</syntaxattribute>
            <forbidwords/>
            <allowwords/>
            <forbidfloat>1</forbidfloat>
            <requirelowestterms>0</requirelowestterms>
            <checkanswertype>0</checkanswertype>
            <mustverify>1</mustverify>
            <showvalidation>1</showvalidation>
            <options/>
        </input>
        <prt>
            <name>prt1</name>
            <value>1.0000000</value>
            <autosimplify>0</autosimplify>
            <feedbackstyle>1</feedbackstyle>
            <feedbackvariables>
                <text/>
            </feedbackvariables>
            <node>
                <name>0</name>
                <answertest>EquivFirst</answertest>
                <sans>ans1</sans>
                <tans>ta</tans>
                <testoptions/>
                <quiet>0</quiet>
                <truescoremode>=</truescoremode>
                <truescore>0.5000000</truescore>
                <truepenalty/>
                <truenextnode>1</truenextnode>
                <trueanswernote>prt1-1-T</trueanswernote>
                <truefeedback format="html">
                    <text/>
                </truefeedback>
                <falsescoremode>=</falsescoremode>
                <falsescore>0.0000000</falsescore>
                <falsepenalty/>
                <falsenextnode>-1</falsenextnode>
                <falseanswernote>prt1-1-F</falseanswernote>
                <falsefeedback format="html">
                    <text/>
                </falsefeedback>
            </node>
            <node>
                <name>1</name>
                <answertest>EqualComAss</answertest>
                <sans>last(ans1)</sans>
                <tans>last(ta)</tans>
                <testoptions/>
                <quiet>0</quiet>
                <truescoremode>+</truescoremode>
                <truescore>0.5000000</truescore>
                <truepenalty/>
                <truenextnode>-1</truenextnode>
                <trueanswernote>prt1-2-T</trueanswernote>
                <truefeedback format="html">
                    <text/>
                </truefeedback>
                <falsescoremode>-</falsescoremode>
                <falsescore>0.0000000</falsescore>
                <falsepenalty/>
                <falsenextnode>-1</falsenextnode>
                <falseanswernote>prt1-2-F</falseanswernote>
                <falsefeedback format="html">
                    <text/>
                </falsefeedback>
            </node>
        </prt>
    </question>
    

</quiz>