<?xml version="1.0" encoding="UTF-8"?>
<quiz>
<question type="stack">
        <name>
            <text>test 1 4</text>
        </name>
        <questiontext format="html">
            <text><![CDATA[
<p>
    L&#248;s \(\cos({@a@}x + {@b@}) = {@displayc@}\) i intervallet \([0, 2\pi)\). Skriv svaret i en liste fra lavest til h&#248;yest verdi.
</p>
<p>
    (For &#229; skrive 1 og 2 i en liste m&#229; du skrive [1,2])
</p>
<p>
    x= [[input:ans1]] [[validation:ans1]]
</p>
<p>
    <br/>
</p>
]]></text>
        </questiontext>
        <generalfeedback format="html">
            <text/>
        </generalfeedback>
        <defaultgrade>1.0000000</defaultgrade>
        <penalty>0.1000000</penalty>
        <hidden>0</hidden>
        <idnumber/>
        <stackversion>
            <text>2022060100</text>
        </stackversion>
        <questionvariables>
            <text>a: 2
rads: [pi/6, pi/4, pi/3, pi/2]
in: 1+rand(3)
b: rads[in]
c: rads[1+in]
displayc: cos(c)

s1: c/a - b/a + 2*pi*n/a
s2:-c/a - b/a + 2*pi*n/a
ta1: [ c/a - b/a, -c/a - b/a + pi, c/a - b/a + pi, -c/a - b/a + 2*pi] 


</text>
        </questionvariables>
        <specificfeedback format="html">
            <text><![CDATA[
[[feedback:prt1]]
<br/>
<br/>
]]></text>
        </specificfeedback>
        <questionnote>
            <text>{@in@}</text>
        </questionnote>
        <questionsimplify>1</questionsimplify>
        <assumepositive>0</assumepositive>
        <assumereal>0</assumereal>
        <prtcorrect format="html">
            <text><![CDATA[
<span style="font-size: 1.5em; color:green;">
    <i class="fa fa-check">
    </i>
</span>
Correct answer, well done.
]]></text>
        </prtcorrect>
        <prtpartiallycorrect format="html">
            <text><![CDATA[
<span style="font-size: 1.5em; color:orange;">
    <i class="fa fa-adjust">
    </i>
</span>
Your answer is partially correct.
]]></text>
        </prtpartiallycorrect>
        <prtincorrect format="html">
            <text><![CDATA[
<span style="font-size: 1.5em; color:red;">
    <i class="fa fa-times">
    </i>
</span>
Incorrect answer.
]]></text>
        </prtincorrect>
        <multiplicationsign>dot</multiplicationsign>
        <sqrtsign>1</sqrtsign>
        <complexno>i</complexno>
        <inversetrig>cos-1</inversetrig>
        <logicsymbol>lang</logicsymbol>
        <matrixparens>[</matrixparens>
        <variantsselectionseed/>
        <input>
            <name>ans1</name>
            <type>algebraic</type>
            <tans>ta1</tans>
            <boxsize>15</boxsize>
            <strictsyntax>1</strictsyntax>
            <insertstars>1</insertstars>
            <syntaxhint/>
            <syntaxattribute>0</syntaxattribute>
            <forbidwords/>
            <allowwords/>
            <forbidfloat>1</forbidfloat>
            <requirelowestterms>0</requirelowestterms>
            <checkanswertype>0</checkanswertype>
            <mustverify>1</mustverify>
            <showvalidation>1</showvalidation>
            <options/>
        </input>
        <prt>
            <name>prt1</name>
            <value>1.0000000</value>
            <autosimplify>1</autosimplify>
            <feedbackstyle>1</feedbackstyle>
            <feedbackvariables>
                <text/>
            </feedbackvariables>
            <node>
                <name>0</name>
                <answertest>AlgEquiv</answertest>
                <sans>ans1</sans>
                <tans>ta1</tans>
                <testoptions/>
                <quiet>0</quiet>
                <truescoremode>=</truescoremode>
                <truescore>1.0000000</truescore>
                <truepenalty/>
                <truenextnode>-1</truenextnode>
                <trueanswernote>prt1-1-T</trueanswernote>
                <truefeedback format="html">
                    <text/>
                </truefeedback>
                <falsescoremode>=</falsescoremode>
                <falsescore>0.0000000</falsescore>
                <falsepenalty/>
                <falsenextnode>-1</falsenextnode>
                <falseanswernote>prt1-1-F</falseanswernote>
                <falsefeedback format="html">
                    <text/>
                </falsefeedback>
            </node>
        </prt>
        <deployedseed>519021853</deployedseed>
        <deployedseed>1158245884</deployedseed>
        <deployedseed>1548023424</deployedseed>
    </question>
    

</quiz>